#-----------------------------------------------------------
# Vivado v2018.3 (64-bit)
# SW Build 2405991 on Thu Dec  6 23:38:27 MST 2018
# IP Build 2404404 on Fri Dec  7 01:43:56 MST 2018
# Start of session at: Wed Apr 22 12:43:48 2020
# Process ID: 3412
# Current directory: C:/Users/jawoo/Desktop/Logic/DL202010_Woods/Lab 11
# Command line: vivado.exe -gui_launcher_event rodinguilauncherevent21420 C:\Users\jawoo\Desktop\Logic\DL202010_Woods\Lab 11\Lab 11.xpr
# Log file: C:/Users/jawoo/Desktop/Logic/DL202010_Woods/Lab 11/vivado.log
# Journal file: C:/Users/jawoo/Desktop/Logic/DL202010_Woods/Lab 11\vivado.jou
#-----------------------------------------------------------
start_gui
open_project {C:/Users/jawoo/Desktop/Logic/DL202010_Woods/Lab 11/Lab 11.xpr}
Scanning sources...
Finished scanning sources
INFO: [IP_Flow 19-234] Refreshing IP repositories
INFO: [IP_Flow 19-1704] No user IP repositories specified
INFO: [IP_Flow 19-2313] Loaded Vivado IP repository 'C:/Xilinx/Vivado/2018.3/data/ip'.
open_project: Time (s): cpu = 00:00:30 ; elapsed = 00:00:12 . Memory (MB): peak = 703.539 ; gain = 97.203
update_compile_order -fileset sources_1
