#-----------------------------------------------------------
# Vivado v2018.3 (64-bit)
# SW Build 2405991 on Thu Dec  6 23:38:27 MST 2018
# IP Build 2404404 on Fri Dec  7 01:43:56 MST 2018
# Start of session at: Thu Apr  9 17:38:13 2020
# Process ID: 12732
# Current directory: C:/Users/jawoo/Desktop/Logic/DL202010_Woods/Lab 10/Lab 10
# Command line: vivado.exe -gui_launcher_event rodinguilauncherevent19556 C:\Users\jawoo\Desktop\Logic\DL202010_Woods\Lab 10\Lab 10\Lab 10.xpr
# Log file: C:/Users/jawoo/Desktop/Logic/DL202010_Woods/Lab 10/Lab 10/vivado.log
# Journal file: C:/Users/jawoo/Desktop/Logic/DL202010_Woods/Lab 10/Lab 10\vivado.jou
#-----------------------------------------------------------
start_gui
open_project {C:/Users/jawoo/Desktop/Logic/DL202010_Woods/Lab 10/Lab 10/Lab 10.xpr}
Scanning sources...
Finished scanning sources
INFO: [IP_Flow 19-234] Refreshing IP repositories
INFO: [IP_Flow 19-1704] No user IP repositories specified
INFO: [IP_Flow 19-2313] Loaded Vivado IP repository 'C:/Xilinx/Vivado/2018.3/data/ip'.
open_project: Time (s): cpu = 00:00:14 ; elapsed = 00:00:07 . Memory (MB): peak = 716.598 ; gain = 134.203
update_compile_order -fileset sources_1
reorder_files -fileset constrs_1 -before {C:/Users/jawoo/Desktop/Logic/DL202010_Woods/Lab 10/Lab 10/sseg.xdc} {{C:/Users/jawoo/Desktop/Logic/DL202010_Woods/Lab 10/Lab 10/sseg.xdc}}
reset_run synth_1
launch_runs impl_1 -to_step write_bitstream -jobs 6
[Fri Apr 10 11:11:42 2020] Launched synth_1...
Run output will be captured here: C:/Users/jawoo/Desktop/Logic/DL202010_Woods/Lab 10/Lab 10/Lab 10.runs/synth_1/runme.log
[Fri Apr 10 11:11:42 2020] Launched impl_1...
Run output will be captured here: C:/Users/jawoo/Desktop/Logic/DL202010_Woods/Lab 10/Lab 10/Lab 10.runs/impl_1/runme.log
reset_run synth_1
launch_runs impl_1 -to_step write_bitstream -jobs 6
[Fri Apr 10 11:12:33 2020] Launched synth_1...
Run output will be captured here: C:/Users/jawoo/Desktop/Logic/DL202010_Woods/Lab 10/Lab 10/Lab 10.runs/synth_1/runme.log
[Fri Apr 10 11:12:33 2020] Launched impl_1...
Run output will be captured here: C:/Users/jawoo/Desktop/Logic/DL202010_Woods/Lab 10/Lab 10/Lab 10.runs/impl_1/runme.log
reset_run synth_1
launch_runs impl_1 -to_step write_bitstream -jobs 6
[Fri Apr 10 11:16:18 2020] Launched synth_1...
Run output will be captured here: C:/Users/jawoo/Desktop/Logic/DL202010_Woods/Lab 10/Lab 10/Lab 10.runs/synth_1/runme.log
[Fri Apr 10 11:16:18 2020] Launched impl_1...
Run output will be captured here: C:/Users/jawoo/Desktop/Logic/DL202010_Woods/Lab 10/Lab 10/Lab 10.runs/impl_1/runme.log
open_hw
import_files -fileset constrs_1 {{C:/Users/jawoo/Desktop/Logic/DL202010_Woods/Lab 10/Lab 10/btnC.xdc} {C:/Users/jawoo/Desktop/Logic/DL202010_Woods/Lab 10/Lab 10/btnD.xdc} {C:/Users/jawoo/Desktop/Logic/DL202010_Woods/Lab 10/Lab 10/btnU.xdc} {C:/Users/jawoo/Desktop/Logic/DL202010_Woods/Lab 10/Lab 10/clock.xdc} {C:/Users/jawoo/Desktop/Logic/DL202010_Woods/Lab 10/Lab 10/led.xdc} {C:/Users/jawoo/Desktop/Logic/DL202010_Woods/Lab 10/Lab 10/switches.xdc} {C:/Users/jawoo/Desktop/Logic/DL202010_Woods/Lab 10/Lab 10/sseg.xdc}}
reset_run impl_1 -prev_step 
launch_runs impl_1 -to_step write_bitstream -jobs 6
[Fri Apr 10 11:39:07 2020] Launched impl_1...
Run output will be captured here: C:/Users/jawoo/Desktop/Logic/DL202010_Woods/Lab 10/Lab 10/Lab 10.runs/impl_1/runme.log
close_hw
reset_run impl_1 -prev_step 
launch_runs impl_1 -to_step write_bitstream -jobs 6
[Fri Apr 10 11:43:32 2020] Launched impl_1...
Run output will be captured here: C:/Users/jawoo/Desktop/Logic/DL202010_Woods/Lab 10/Lab 10/Lab 10.runs/impl_1/runme.log
reorder_files -fileset constrs_1 -after {C:/Users/jawoo/Desktop/Logic/DL202010_Woods/Lab 10/Lab 10/Lab 10.srcs/constrs_1/imports/Lab 10/led.xdc} {{C:/Users/jawoo/Desktop/Logic/DL202010_Woods/Lab 10/Lab 10/Lab 10.srcs/constrs_1/imports/Lab 10/sseg.xdc}}
export_ip_user_files -of_objects  [get_files {{C:/Users/jawoo/Desktop/Logic/DL202010_Woods/Lab 10/Lab 10/Lab 10.srcs/constrs_1/imports/Lab 10/btnC.xdc}}] -no_script -reset -force -quiet
remove_files  -fileset constrs_1 {{C:/Users/jawoo/Desktop/Logic/DL202010_Woods/Lab 10/Lab 10/Lab 10.srcs/constrs_1/imports/Lab 10/btnC.xdc}}
export_ip_user_files -of_objects  [get_files {{C:/Users/jawoo/Desktop/Logic/DL202010_Woods/Lab 10/Lab 10/Lab 10.srcs/constrs_1/imports/Lab 10/btnD.xdc}}] -no_script -reset -force -quiet
remove_files  -fileset constrs_1 {{C:/Users/jawoo/Desktop/Logic/DL202010_Woods/Lab 10/Lab 10/Lab 10.srcs/constrs_1/imports/Lab 10/btnD.xdc}}
export_ip_user_files -of_objects  [get_files {{C:/Users/jawoo/Desktop/Logic/DL202010_Woods/Lab 10/Lab 10/Lab 10.srcs/constrs_1/imports/Lab 10/btnU.xdc}}] -no_script -reset -force -quiet
remove_files  -fileset constrs_1 {{C:/Users/jawoo/Desktop/Logic/DL202010_Woods/Lab 10/Lab 10/Lab 10.srcs/constrs_1/imports/Lab 10/btnU.xdc}}
export_ip_user_files -of_objects  [get_files {{C:/Users/jawoo/Desktop/Logic/DL202010_Woods/Lab 10/Lab 10/Lab 10.srcs/constrs_1/imports/Lab 10/clock.xdc}}] -no_script -reset -force -quiet
remove_files  -fileset constrs_1 {{C:/Users/jawoo/Desktop/Logic/DL202010_Woods/Lab 10/Lab 10/Lab 10.srcs/constrs_1/imports/Lab 10/clock.xdc}}
export_ip_user_files -of_objects  [get_files {{C:/Users/jawoo/Desktop/Logic/DL202010_Woods/Lab 10/Lab 10/Lab 10.srcs/constrs_1/imports/Lab 10/led.xdc}}] -no_script -reset -force -quiet
remove_files  -fileset constrs_1 {{C:/Users/jawoo/Desktop/Logic/DL202010_Woods/Lab 10/Lab 10/Lab 10.srcs/constrs_1/imports/Lab 10/led.xdc}}
export_ip_user_files -of_objects  [get_files {{C:/Users/jawoo/Desktop/Logic/DL202010_Woods/Lab 10/Lab 10/Lab 10.srcs/constrs_1/imports/Lab 10/switches.xdc}}] -no_script -reset -force -quiet
remove_files  -fileset constrs_1 {{C:/Users/jawoo/Desktop/Logic/DL202010_Woods/Lab 10/Lab 10/Lab 10.srcs/constrs_1/imports/Lab 10/switches.xdc}}
export_ip_user_files -of_objects  [get_files {{C:/Users/jawoo/Desktop/Logic/DL202010_Woods/Lab 10/Lab 10/Lab 10.srcs/constrs_1/imports/Lab 10/sseg.xdc}}] -no_script -reset -force -quiet
remove_files  -fileset constrs_1 {{C:/Users/jawoo/Desktop/Logic/DL202010_Woods/Lab 10/Lab 10/Lab 10.srcs/constrs_1/imports/Lab 10/sseg.xdc}}
add_files -fileset constrs_1 -norecurse {{C:/Users/jawoo/Desktop/Logic/DL202010_Woods/Lab 10/Lab 10/btnC.xdc} {C:/Users/jawoo/Desktop/Logic/DL202010_Woods/Lab 10/Lab 10/btnD.xdc} {C:/Users/jawoo/Desktop/Logic/DL202010_Woods/Lab 10/Lab 10/btnU.xdc} {C:/Users/jawoo/Desktop/Logic/DL202010_Woods/Lab 10/Lab 10/clock.xdc} {C:/Users/jawoo/Desktop/Logic/DL202010_Woods/Lab 10/Lab 10/led.xdc} {C:/Users/jawoo/Desktop/Logic/DL202010_Woods/Lab 10/Lab 10/sseg.xdc} {C:/Users/jawoo/Desktop/Logic/DL202010_Woods/Lab 10/Lab 10/switches.xdc}}
import_files -fileset constrs_1 -force {{C:/Users/jawoo/Desktop/Logic/DL202010_Woods/Lab 10/Lab 10/btnC.xdc} {C:/Users/jawoo/Desktop/Logic/DL202010_Woods/Lab 10/Lab 10/btnD.xdc} {C:/Users/jawoo/Desktop/Logic/DL202010_Woods/Lab 10/Lab 10/btnU.xdc} {C:/Users/jawoo/Desktop/Logic/DL202010_Woods/Lab 10/Lab 10/clock.xdc} {C:/Users/jawoo/Desktop/Logic/DL202010_Woods/Lab 10/Lab 10/led.xdc} {C:/Users/jawoo/Desktop/Logic/DL202010_Woods/Lab 10/Lab 10/sseg.xdc} {C:/Users/jawoo/Desktop/Logic/DL202010_Woods/Lab 10/Lab 10/switches.xdc}}
reset_run synth_1
launch_runs impl_1 -to_step write_bitstream -jobs 6
[Fri Apr 10 11:46:35 2020] Launched synth_1...
Run output will be captured here: C:/Users/jawoo/Desktop/Logic/DL202010_Woods/Lab 10/Lab 10/Lab 10.runs/synth_1/runme.log
[Fri Apr 10 11:46:35 2020] Launched impl_1...
Run output will be captured here: C:/Users/jawoo/Desktop/Logic/DL202010_Woods/Lab 10/Lab 10/Lab 10.runs/impl_1/runme.log
reset_run impl_1 -prev_step 
launch_runs impl_1 -to_step write_bitstream -jobs 6
[Fri Apr 10 15:37:19 2020] Launched impl_1...
Run output will be captured here: C:/Users/jawoo/Desktop/Logic/DL202010_Woods/Lab 10/Lab 10/Lab 10.runs/impl_1/runme.log
reset_run impl_1 -prev_step 
launch_runs impl_1 -to_step write_bitstream -jobs 6
[Fri Apr 10 15:41:52 2020] Launched impl_1...
Run output will be captured here: C:/Users/jawoo/Desktop/Logic/DL202010_Woods/Lab 10/Lab 10/Lab 10.runs/impl_1/runme.log
export_ip_user_files -of_objects  [get_files C:/Users/jawoo/Desktop/Logic/DL202010_MMWJ/Lab8/Lab8.srcs/sources_1/new/bcd11.sv] -no_script -reset -force -quiet
remove_files  C:/Users/jawoo/Desktop/Logic/DL202010_MMWJ/Lab8/Lab8.srcs/sources_1/new/bcd11.sv
export_ip_user_files -of_objects  [get_files C:/Users/jawoo/Desktop/Logic/DL202010_MMWJ/Lab8/Lab8.srcs/sources_1/new/mux2.sv] -no_script -reset -force -quiet
remove_files  C:/Users/jawoo/Desktop/Logic/DL202010_MMWJ/Lab8/Lab8.srcs/sources_1/new/mux2.sv
export_ip_user_files -of_objects  [get_files C:/Users/jawoo/Desktop/Logic/DL202010_MMWJ/Lab8/Lab8.srcs/sources_1/new/mux4.sv] -no_script -reset -force -quiet
remove_files  C:/Users/jawoo/Desktop/Logic/DL202010_MMWJ/Lab8/Lab8.srcs/sources_1/new/mux4.sv
export_ip_user_files -of_objects  [get_files C:/Users/jawoo/Desktop/Logic/DL202010_MMWJ/Lab8/Lab8.srcs/sources_1/new/sseg_decoder.sv] -no_script -reset -force -quiet
remove_files  C:/Users/jawoo/Desktop/Logic/DL202010_MMWJ/Lab8/Lab8.srcs/sources_1/new/sseg_decoder.sv
update_compile_order -fileset sources_1
export_ip_user_files -of_objects  [get_files C:/Users/jawoo/Desktop/Logic/DL202010_MMWJ/Lab8/Lab8.srcs/sources_1/new/an_decoder.sv] -no_script -reset -force -quiet
remove_files  C:/Users/jawoo/Desktop/Logic/DL202010_MMWJ/Lab8/Lab8.srcs/sources_1/new/an_decoder.sv
add_files -norecurse -scan_for_includes {{C:/Users/jawoo/Desktop/Logic/DL202010_Woods/Lab 10/Lab 10/Lab 10.srcs/sources_1/new/mux2.sv} {C:/Users/jawoo/Desktop/Logic/DL202010_Woods/Lab 10/Lab 10/Lab 10.srcs/sources_1/new/an_decoder.sv} {C:/Users/jawoo/Desktop/Logic/DL202010_Woods/Lab 10/Lab 10/Lab 10.srcs/sources_1/new/mux4.sv} {C:/Users/jawoo/Desktop/Logic/DL202010_Woods/Lab 10/Lab 10/Lab 10.srcs/sources_1/new/bcd11.sv} {C:/Users/jawoo/Desktop/Logic/DL202010_Woods/Lab 10/Lab 10/Lab 10.srcs/sources_1/new/add3.sv} {C:/Users/jawoo/Desktop/Logic/DL202010_Woods/Lab 10/Lab 10/Lab 10.srcs/sources_1/new/sseg_decoder.sv}}
update_compile_order -fileset sources_1
reset_run synth_1
launch_runs synth_1 -jobs 6
WARNING: [HDL 9-3756] overwriting previous definition of module 'add3' [C:/Users/jawoo/Desktop/Logic/DL202010_Woods/Lab 10/Lab 10/Lab 10.srcs/sources_1/new/add3.sv:6]
WARNING: [filemgmt 20-1318] Duplicate Design Unit 'add3()' found in library 'xil_defaultlib'
Duplicate found at line 6 of file C:/Users/jawoo/Desktop/Logic/DL202010_MMWJ/Lab8/Lab8.srcs/sources_1/new/add3.sv
	(Active) Duplicate found at line 6 of file C:/Users/jawoo/Desktop/Logic/DL202010_Woods/Lab 10/Lab 10/Lab 10.srcs/sources_1/new/add3.sv
[Fri Apr 10 18:30:33 2020] Launched synth_1...
Run output will be captured here: C:/Users/jawoo/Desktop/Logic/DL202010_Woods/Lab 10/Lab 10/Lab 10.runs/synth_1/runme.log
export_ip_user_files -of_objects  [get_files C:/Users/jawoo/Desktop/Logic/DL202010_MMWJ/Lab8/Lab8.srcs/sources_1/new/add3.sv] -no_script -reset -force -quiet
remove_files  C:/Users/jawoo/Desktop/Logic/DL202010_MMWJ/Lab8/Lab8.srcs/sources_1/new/add3.sv
reset_run synth_1
launch_runs synth_1 -jobs 6
[Fri Apr 10 18:32:26 2020] Launched synth_1...
Run output will be captured here: C:/Users/jawoo/Desktop/Logic/DL202010_Woods/Lab 10/Lab 10/Lab 10.runs/synth_1/runme.log
WARNING: [Board 49-26] cannot add Board Part digilentinc.com:arty-z7-10:part0:1.0 available at C:/Xilinx/Vivado/2018.3/data/boards/board_files/arty-z7-10/A.0/board.xml as part xc7z010clg400-1 specified in board_part file is either invalid or not available
WARNING: [Board 49-26] cannot add Board Part digilentinc.com:arty-z7-20:part0:1.0 available at C:/Xilinx/Vivado/2018.3/data/boards/board_files/arty-z7-20/A.0/board.xml as part xc7z020clg400-1 specified in board_part file is either invalid or not available
WARNING: [Board 49-26] cannot add Board Part digilentinc.com:cora-z7-07s:part0:1.0 available at C:/Xilinx/Vivado/2018.3/data/boards/board_files/cora-z7-07s/B.0/board.xml as part xc7z007sclg400-1 specified in board_part file is either invalid or not available
WARNING: [Board 49-26] cannot add Board Part digilentinc.com:cora-z7-10:part0:1.0 available at C:/Xilinx/Vivado/2018.3/data/boards/board_files/cora-z7-10/B.0/board.xml as part xc7z010clg400-1 specified in board_part file is either invalid or not available
WARNING: [Board 49-26] cannot add Board Part digilentinc.com:eclypse-z7:part0:1.0 available at C:/Xilinx/Vivado/2018.3/data/boards/board_files/eclypse-z7/A.0/board.xml as part xc7z020clg484-1 specified in board_part file is either invalid or not available
WARNING: [Board 49-26] cannot add Board Part digilentinc.com:genesys2:part0:1.1 available at C:/Xilinx/Vivado/2018.3/data/boards/board_files/genesys2/H/board.xml as part xc7k325tffg900-2 specified in board_part file is either invalid or not available
WARNING: [Board 49-26] cannot add Board Part digilentinc.com:gzu_3eg:part0:1.0 available at C:/Xilinx/Vivado/2018.3/data/boards/board_files/genesys-zu-3eg/B.0/board.xml as part xczu3eg-sfvc784-1-e specified in board_part file is either invalid or not available
WARNING: [Board 49-26] cannot add Board Part digilentinc.com:sword:part0:1.0 available at C:/Xilinx/Vivado/2018.3/data/boards/board_files/sword/C.0/board.xml as part xc7k325tffg900-2 specified in board_part file is either invalid or not available
WARNING: [Board 49-26] cannot add Board Part digilentinc.com:zedboard:part0:1.0 available at C:/Xilinx/Vivado/2018.3/data/boards/board_files/zedboard/1.3/board.xml as part xc7z020clg484-1 specified in board_part file is either invalid or not available
WARNING: [Board 49-26] cannot add Board Part digilentinc.com:zybo-z7-10:part0:1.0 available at C:/Xilinx/Vivado/2018.3/data/boards/board_files/zybo-z7-10/A.0/board.xml as part xc7z010clg400-1 specified in board_part file is either invalid or not available
WARNING: [Board 49-26] cannot add Board Part digilentinc.com:zybo-z7-20:part0:1.0 available at C:/Xilinx/Vivado/2018.3/data/boards/board_files/zybo-z7-20/A.0/board.xml as part xc7z020clg400-1 specified in board_part file is either invalid or not available
WARNING: [Board 49-26] cannot add Board Part digilentinc.com:zybo:part0:1.0 available at C:/Xilinx/Vivado/2018.3/data/boards/board_files/zybo/B.3/board.xml as part xc7z010clg400-1 specified in board_part file is either invalid or not available
WARNING: [Board 49-26] cannot add Board Part digilentinc.com:zybo:part0:2.0 available at C:/Xilinx/Vivado/2018.3/data/boards/board_files/zybo/B.4/board.xml as part xc7z010clg400-1 specified in board_part file is either invalid or not available
WARNING: [Board 49-26] cannot add Board Part digilentinc.com:arty-z7-10:part0:1.0 available at C:/Xilinx/Vivado/2018.3/data/boards/board_files/arty-z7-10/A.0/board.xml as part xc7z010clg400-1 specified in board_part file is either invalid or not available
WARNING: [Board 49-26] cannot add Board Part digilentinc.com:arty-z7-20:part0:1.0 available at C:/Xilinx/Vivado/2018.3/data/boards/board_files/arty-z7-20/A.0/board.xml as part xc7z020clg400-1 specified in board_part file is either invalid or not available
WARNING: [Board 49-26] cannot add Board Part digilentinc.com:cora-z7-07s:part0:1.0 available at C:/Xilinx/Vivado/2018.3/data/boards/board_files/cora-z7-07s/B.0/board.xml as part xc7z007sclg400-1 specified in board_part file is either invalid or not available
WARNING: [Board 49-26] cannot add Board Part digilentinc.com:cora-z7-10:part0:1.0 available at C:/Xilinx/Vivado/2018.3/data/boards/board_files/cora-z7-10/B.0/board.xml as part xc7z010clg400-1 specified in board_part file is either invalid or not available
WARNING: [Board 49-26] cannot add Board Part digilentinc.com:eclypse-z7:part0:1.0 available at C:/Xilinx/Vivado/2018.3/data/boards/board_files/eclypse-z7/A.0/board.xml as part xc7z020clg484-1 specified in board_part file is either invalid or not available
WARNING: [Board 49-26] cannot add Board Part digilentinc.com:genesys2:part0:1.1 available at C:/Xilinx/Vivado/2018.3/data/boards/board_files/genesys2/H/board.xml as part xc7k325tffg900-2 specified in board_part file is either invalid or not available
WARNING: [Board 49-26] cannot add Board Part digilentinc.com:gzu_3eg:part0:1.0 available at C:/Xilinx/Vivado/2018.3/data/boards/board_files/genesys-zu-3eg/B.0/board.xml as part xczu3eg-sfvc784-1-e specified in board_part file is either invalid or not available
WARNING: [Board 49-26] cannot add Board Part digilentinc.com:sword:part0:1.0 available at C:/Xilinx/Vivado/2018.3/data/boards/board_files/sword/C.0/board.xml as part xc7k325tffg900-2 specified in board_part file is either invalid or not available
WARNING: [Board 49-26] cannot add Board Part digilentinc.com:zedboard:part0:1.0 available at C:/Xilinx/Vivado/2018.3/data/boards/board_files/zedboard/1.3/board.xml as part xc7z020clg484-1 specified in board_part file is either invalid or not available
WARNING: [Board 49-26] cannot add Board Part digilentinc.com:zybo-z7-10:part0:1.0 available at C:/Xilinx/Vivado/2018.3/data/boards/board_files/zybo-z7-10/A.0/board.xml as part xc7z010clg400-1 specified in board_part file is either invalid or not available
WARNING: [Board 49-26] cannot add Board Part digilentinc.com:zybo-z7-20:part0:1.0 available at C:/Xilinx/Vivado/2018.3/data/boards/board_files/zybo-z7-20/A.0/board.xml as part xc7z020clg400-1 specified in board_part file is either invalid or not available
WARNING: [Board 49-26] cannot add Board Part digilentinc.com:zybo:part0:1.0 available at C:/Xilinx/Vivado/2018.3/data/boards/board_files/zybo/B.3/board.xml as part xc7z010clg400-1 specified in board_part file is either invalid or not available
WARNING: [Board 49-26] cannot add Board Part digilentinc.com:zybo:part0:2.0 available at C:/Xilinx/Vivado/2018.3/data/boards/board_files/zybo/B.4/board.xml as part xc7z010clg400-1 specified in board_part file is either invalid or not available
WARNING: [Board 49-26] cannot add Board Part digilentinc.com:arty-z7-10:part0:1.0 available at C:/Xilinx/Vivado/2018.3/data/boards/board_files/arty-z7-10/A.0/board.xml as part xc7z010clg400-1 specified in board_part file is either invalid or not available
WARNING: [Board 49-26] cannot add Board Part digilentinc.com:arty-z7-20:part0:1.0 available at C:/Xilinx/Vivado/2018.3/data/boards/board_files/arty-z7-20/A.0/board.xml as part xc7z020clg400-1 specified in board_part file is either invalid or not available
WARNING: [Board 49-26] cannot add Board Part digilentinc.com:cora-z7-07s:part0:1.0 available at C:/Xilinx/Vivado/2018.3/data/boards/board_files/cora-z7-07s/B.0/board.xml as part xc7z007sclg400-1 specified in board_part file is either invalid or not available
WARNING: [Board 49-26] cannot add Board Part digilentinc.com:cora-z7-10:part0:1.0 available at C:/Xilinx/Vivado/2018.3/data/boards/board_files/cora-z7-10/B.0/board.xml as part xc7z010clg400-1 specified in board_part file is either invalid or not available
WARNING: [Board 49-26] cannot add Board Part digilentinc.com:eclypse-z7:part0:1.0 available at C:/Xilinx/Vivado/2018.3/data/boards/board_files/eclypse-z7/A.0/board.xml as part xc7z020clg484-1 specified in board_part file is either invalid or not available
WARNING: [Board 49-26] cannot add Board Part digilentinc.com:genesys2:part0:1.1 available at C:/Xilinx/Vivado/2018.3/data/boards/board_files/genesys2/H/board.xml as part xc7k325tffg900-2 specified in board_part file is either invalid or not available
WARNING: [Board 49-26] cannot add Board Part digilentinc.com:gzu_3eg:part0:1.0 available at C:/Xilinx/Vivado/2018.3/data/boards/board_files/genesys-zu-3eg/B.0/board.xml as part xczu3eg-sfvc784-1-e specified in board_part file is either invalid or not available
WARNING: [Board 49-26] cannot add Board Part digilentinc.com:sword:part0:1.0 available at C:/Xilinx/Vivado/2018.3/data/boards/board_files/sword/C.0/board.xml as part xc7k325tffg900-2 specified in board_part file is either invalid or not available
WARNING: [Board 49-26] cannot add Board Part digilentinc.com:zedboard:part0:1.0 available at C:/Xilinx/Vivado/2018.3/data/boards/board_files/zedboard/1.3/board.xml as part xc7z020clg484-1 specified in board_part file is either invalid or not available
WARNING: [Board 49-26] cannot add Board Part digilentinc.com:zybo-z7-10:part0:1.0 available at C:/Xilinx/Vivado/2018.3/data/boards/board_files/zybo-z7-10/A.0/board.xml as part xc7z010clg400-1 specified in board_part file is either invalid or not available
WARNING: [Board 49-26] cannot add Board Part digilentinc.com:zybo-z7-20:part0:1.0 available at C:/Xilinx/Vivado/2018.3/data/boards/board_files/zybo-z7-20/A.0/board.xml as part xc7z020clg400-1 specified in board_part file is either invalid or not available
WARNING: [Board 49-26] cannot add Board Part digilentinc.com:zybo:part0:1.0 available at C:/Xilinx/Vivado/2018.3/data/boards/board_files/zybo/B.3/board.xml as part xc7z010clg400-1 specified in board_part file is either invalid or not available
WARNING: [Board 49-26] cannot add Board Part digilentinc.com:zybo:part0:2.0 available at C:/Xilinx/Vivado/2018.3/data/boards/board_files/zybo/B.4/board.xml as part xc7z010clg400-1 specified in board_part file is either invalid or not available
WARNING: [Board 49-26] cannot add Board Part digilentinc.com:arty-z7-10:part0:1.0 available at C:/Xilinx/Vivado/2018.3/data/boards/board_files/arty-z7-10/A.0/board.xml as part xc7z010clg400-1 specified in board_part file is either invalid or not available
WARNING: [Board 49-26] cannot add Board Part digilentinc.com:arty-z7-20:part0:1.0 available at C:/Xilinx/Vivado/2018.3/data/boards/board_files/arty-z7-20/A.0/board.xml as part xc7z020clg400-1 specified in board_part file is either invalid or not available
WARNING: [Board 49-26] cannot add Board Part digilentinc.com:cora-z7-07s:part0:1.0 available at C:/Xilinx/Vivado/2018.3/data/boards/board_files/cora-z7-07s/B.0/board.xml as part xc7z007sclg400-1 specified in board_part file is either invalid or not available
WARNING: [Board 49-26] cannot add Board Part digilentinc.com:cora-z7-10:part0:1.0 available at C:/Xilinx/Vivado/2018.3/data/boards/board_files/cora-z7-10/B.0/board.xml as part xc7z010clg400-1 specified in board_part file is either invalid or not available
WARNING: [Board 49-26] cannot add Board Part digilentinc.com:eclypse-z7:part0:1.0 available at C:/Xilinx/Vivado/2018.3/data/boards/board_files/eclypse-z7/A.0/board.xml as part xc7z020clg484-1 specified in board_part file is either invalid or not available
WARNING: [Board 49-26] cannot add Board Part digilentinc.com:genesys2:part0:1.1 available at C:/Xilinx/Vivado/2018.3/data/boards/board_files/genesys2/H/board.xml as part xc7k325tffg900-2 specified in board_part file is either invalid or not available
WARNING: [Board 49-26] cannot add Board Part digilentinc.com:gzu_3eg:part0:1.0 available at C:/Xilinx/Vivado/2018.3/data/boards/board_files/genesys-zu-3eg/B.0/board.xml as part xczu3eg-sfvc784-1-e specified in board_part file is either invalid or not available
WARNING: [Board 49-26] cannot add Board Part digilentinc.com:sword:part0:1.0 available at C:/Xilinx/Vivado/2018.3/data/boards/board_files/sword/C.0/board.xml as part xc7k325tffg900-2 specified in board_part file is either invalid or not available
WARNING: [Board 49-26] cannot add Board Part digilentinc.com:zedboard:part0:1.0 available at C:/Xilinx/Vivado/2018.3/data/boards/board_files/zedboard/1.3/board.xml as part xc7z020clg484-1 specified in board_part file is either invalid or not available
WARNING: [Board 49-26] cannot add Board Part digilentinc.com:zybo-z7-10:part0:1.0 available at C:/Xilinx/Vivado/2018.3/data/boards/board_files/zybo-z7-10/A.0/board.xml as part xc7z010clg400-1 specified in board_part file is either invalid or not available
WARNING: [Board 49-26] cannot add Board Part digilentinc.com:zybo-z7-20:part0:1.0 available at C:/Xilinx/Vivado/2018.3/data/boards/board_files/zybo-z7-20/A.0/board.xml as part xc7z020clg400-1 specified in board_part file is either invalid or not available
WARNING: [Board 49-26] cannot add Board Part digilentinc.com:zybo:part0:1.0 available at C:/Xilinx/Vivado/2018.3/data/boards/board_files/zybo/B.3/board.xml as part xc7z010clg400-1 specified in board_part file is either invalid or not available
WARNING: [Board 49-26] cannot add Board Part digilentinc.com:zybo:part0:2.0 available at C:/Xilinx/Vivado/2018.3/data/boards/board_files/zybo/B.4/board.xml as part xc7z010clg400-1 specified in board_part file is either invalid or not available
WARNING: [Board 49-26] cannot add Board Part digilentinc.com:arty-z7-10:part0:1.0 available at C:/Xilinx/Vivado/2018.3/data/boards/board_files/arty-z7-10/A.0/board.xml as part xc7z010clg400-1 specified in board_part file is either invalid or not available
WARNING: [Board 49-26] cannot add Board Part digilentinc.com:arty-z7-20:part0:1.0 available at C:/Xilinx/Vivado/2018.3/data/boards/board_files/arty-z7-20/A.0/board.xml as part xc7z020clg400-1 specified in board_part file is either invalid or not available
WARNING: [Board 49-26] cannot add Board Part digilentinc.com:cora-z7-07s:part0:1.0 available at C:/Xilinx/Vivado/2018.3/data/boards/board_files/cora-z7-07s/B.0/board.xml as part xc7z007sclg400-1 specified in board_part file is either invalid or not available
WARNING: [Board 49-26] cannot add Board Part digilentinc.com:cora-z7-10:part0:1.0 available at C:/Xilinx/Vivado/2018.3/data/boards/board_files/cora-z7-10/B.0/board.xml as part xc7z010clg400-1 specified in board_part file is either invalid or not available
WARNING: [Board 49-26] cannot add Board Part digilentinc.com:eclypse-z7:part0:1.0 available at C:/Xilinx/Vivado/2018.3/data/boards/board_files/eclypse-z7/A.0/board.xml as part xc7z020clg484-1 specified in board_part file is either invalid or not available
WARNING: [Board 49-26] cannot add Board Part digilentinc.com:genesys2:part0:1.1 available at C:/Xilinx/Vivado/2018.3/data/boards/board_files/genesys2/H/board.xml as part xc7k325tffg900-2 specified in board_part file is either invalid or not available
WARNING: [Board 49-26] cannot add Board Part digilentinc.com:gzu_3eg:part0:1.0 available at C:/Xilinx/Vivado/2018.3/data/boards/board_files/genesys-zu-3eg/B.0/board.xml as part xczu3eg-sfvc784-1-e specified in board_part file is either invalid or not available
WARNING: [Board 49-26] cannot add Board Part digilentinc.com:sword:part0:1.0 available at C:/Xilinx/Vivado/2018.3/data/boards/board_files/sword/C.0/board.xml as part xc7k325tffg900-2 specified in board_part file is either invalid or not available
WARNING: [Board 49-26] cannot add Board Part digilentinc.com:zedboard:part0:1.0 available at C:/Xilinx/Vivado/2018.3/data/boards/board_files/zedboard/1.3/board.xml as part xc7z020clg484-1 specified in board_part file is either invalid or not available
WARNING: [Board 49-26] cannot add Board Part digilentinc.com:zybo-z7-10:part0:1.0 available at C:/Xilinx/Vivado/2018.3/data/boards/board_files/zybo-z7-10/A.0/board.xml as part xc7z010clg400-1 specified in board_part file is either invalid or not available
WARNING: [Board 49-26] cannot add Board Part digilentinc.com:zybo-z7-20:part0:1.0 available at C:/Xilinx/Vivado/2018.3/data/boards/board_files/zybo-z7-20/A.0/board.xml as part xc7z020clg400-1 specified in board_part file is either invalid or not available
WARNING: [Board 49-26] cannot add Board Part digilentinc.com:zybo:part0:1.0 available at C:/Xilinx/Vivado/2018.3/data/boards/board_files/zybo/B.3/board.xml as part xc7z010clg400-1 specified in board_part file is either invalid or not available
WARNING: [Board 49-26] cannot add Board Part digilentinc.com:zybo:part0:2.0 available at C:/Xilinx/Vivado/2018.3/data/boards/board_files/zybo/B.4/board.xml as part xc7z010clg400-1 specified in board_part file is either invalid or not available
WARNING: [Board 49-26] cannot add Board Part digilentinc.com:arty-z7-10:part0:1.0 available at C:/Xilinx/Vivado/2018.3/data/boards/board_files/arty-z7-10/A.0/board.xml as part xc7z010clg400-1 specified in board_part file is either invalid or not available
WARNING: [Board 49-26] cannot add Board Part digilentinc.com:arty-z7-20:part0:1.0 available at C:/Xilinx/Vivado/2018.3/data/boards/board_files/arty-z7-20/A.0/board.xml as part xc7z020clg400-1 specified in board_part file is either invalid or not available
WARNING: [Board 49-26] cannot add Board Part digilentinc.com:cora-z7-07s:part0:1.0 available at C:/Xilinx/Vivado/2018.3/data/boards/board_files/cora-z7-07s/B.0/board.xml as part xc7z007sclg400-1 specified in board_part file is either invalid or not available
WARNING: [Board 49-26] cannot add Board Part digilentinc.com:cora-z7-10:part0:1.0 available at C:/Xilinx/Vivado/2018.3/data/boards/board_files/cora-z7-10/B.0/board.xml as part xc7z010clg400-1 specified in board_part file is either invalid or not available
WARNING: [Board 49-26] cannot add Board Part digilentinc.com:eclypse-z7:part0:1.0 available at C:/Xilinx/Vivado/2018.3/data/boards/board_files/eclypse-z7/A.0/board.xml as part xc7z020clg484-1 specified in board_part file is either invalid or not available
WARNING: [Board 49-26] cannot add Board Part digilentinc.com:genesys2:part0:1.1 available at C:/Xilinx/Vivado/2018.3/data/boards/board_files/genesys2/H/board.xml as part xc7k325tffg900-2 specified in board_part file is either invalid or not available
WARNING: [Board 49-26] cannot add Board Part digilentinc.com:gzu_3eg:part0:1.0 available at C:/Xilinx/Vivado/2018.3/data/boards/board_files/genesys-zu-3eg/B.0/board.xml as part xczu3eg-sfvc784-1-e specified in board_part file is either invalid or not available
WARNING: [Board 49-26] cannot add Board Part digilentinc.com:sword:part0:1.0 available at C:/Xilinx/Vivado/2018.3/data/boards/board_files/sword/C.0/board.xml as part xc7k325tffg900-2 specified in board_part file is either invalid or not available
WARNING: [Board 49-26] cannot add Board Part digilentinc.com:zedboard:part0:1.0 available at C:/Xilinx/Vivado/2018.3/data/boards/board_files/zedboard/1.3/board.xml as part xc7z020clg484-1 specified in board_part file is either invalid or not available
WARNING: [Board 49-26] cannot add Board Part digilentinc.com:zybo-z7-10:part0:1.0 available at C:/Xilinx/Vivado/2018.3/data/boards/board_files/zybo-z7-10/A.0/board.xml as part xc7z010clg400-1 specified in board_part file is either invalid or not available
WARNING: [Board 49-26] cannot add Board Part digilentinc.com:zybo-z7-20:part0:1.0 available at C:/Xilinx/Vivado/2018.3/data/boards/board_files/zybo-z7-20/A.0/board.xml as part xc7z020clg400-1 specified in board_part file is either invalid or not available
WARNING: [Board 49-26] cannot add Board Part digilentinc.com:zybo:part0:1.0 available at C:/Xilinx/Vivado/2018.3/data/boards/board_files/zybo/B.3/board.xml as part xc7z010clg400-1 specified in board_part file is either invalid or not available
WARNING: [Board 49-26] cannot add Board Part digilentinc.com:zybo:part0:2.0 available at C:/Xilinx/Vivado/2018.3/data/boards/board_files/zybo/B.4/board.xml as part xc7z010clg400-1 specified in board_part file is either invalid or not available
WARNING: [Board 49-26] cannot add Board Part digilentinc.com:arty-z7-10:part0:1.0 available at C:/Xilinx/Vivado/2018.3/data/boards/board_files/arty-z7-10/A.0/board.xml as part xc7z010clg400-1 specified in board_part file is either invalid or not available
WARNING: [Board 49-26] cannot add Board Part digilentinc.com:arty-z7-20:part0:1.0 available at C:/Xilinx/Vivado/2018.3/data/boards/board_files/arty-z7-20/A.0/board.xml as part xc7z020clg400-1 specified in board_part file is either invalid or not available
WARNING: [Board 49-26] cannot add Board Part digilentinc.com:cora-z7-07s:part0:1.0 available at C:/Xilinx/Vivado/2018.3/data/boards/board_files/cora-z7-07s/B.0/board.xml as part xc7z007sclg400-1 specified in board_part file is either invalid or not available
WARNING: [Board 49-26] cannot add Board Part digilentinc.com:cora-z7-10:part0:1.0 available at C:/Xilinx/Vivado/2018.3/data/boards/board_files/cora-z7-10/B.0/board.xml as part xc7z010clg400-1 specified in board_part file is either invalid or not available
WARNING: [Board 49-26] cannot add Board Part digilentinc.com:eclypse-z7:part0:1.0 available at C:/Xilinx/Vivado/2018.3/data/boards/board_files/eclypse-z7/A.0/board.xml as part xc7z020clg484-1 specified in board_part file is either invalid or not available
WARNING: [Board 49-26] cannot add Board Part digilentinc.com:genesys2:part0:1.1 available at C:/Xilinx/Vivado/2018.3/data/boards/board_files/genesys2/H/board.xml as part xc7k325tffg900-2 specified in board_part file is either invalid or not available
WARNING: [Board 49-26] cannot add Board Part digilentinc.com:gzu_3eg:part0:1.0 available at C:/Xilinx/Vivado/2018.3/data/boards/board_files/genesys-zu-3eg/B.0/board.xml as part xczu3eg-sfvc784-1-e specified in board_part file is either invalid or not available
WARNING: [Board 49-26] cannot add Board Part digilentinc.com:sword:part0:1.0 available at C:/Xilinx/Vivado/2018.3/data/boards/board_files/sword/C.0/board.xml as part xc7k325tffg900-2 specified in board_part file is either invalid or not available
WARNING: [Board 49-26] cannot add Board Part digilentinc.com:zedboard:part0:1.0 available at C:/Xilinx/Vivado/2018.3/data/boards/board_files/zedboard/1.3/board.xml as part xc7z020clg484-1 specified in board_part file is either invalid or not available
WARNING: [Board 49-26] cannot add Board Part digilentinc.com:zybo:part0:2.0 available at C:/Xilinx/Vivado/2018.3/data/boards/board_files/zybo/B.4/board.xml as part xc7z010clg400-1 specified in board_part file is either invalid or not available
WARNING: [Board 49-26] cannot add Board Part digilentinc.com:zybo-z7-10:part0:1.0 available at C:/Xilinx/Vivado/2018.3/data/boards/board_files/zybo-z7-10/A.0/board.xml as part xc7z010clg400-1 specified in board_part file is either invalid or not available
WARNING: [Board 49-26] cannot add Board Part digilentinc.com:zybo-z7-20:part0:1.0 available at C:/Xilinx/Vivado/2018.3/data/boards/board_files/zybo-z7-20/A.0/board.xml as part xc7z020clg400-1 specified in board_part file is either invalid or not available
WARNING: [filemgmt 56-199] Attempt to get parsing info during refresh. "On-the-fly" syntax checking information may be incorrect. [C:/Users/jawoo/Desktop/Logic/DL202010_Woods/Lab 10/Lab 10/Lab 10.srcs/sources_1/new/calc_lab10.sv:]
WARNING: [filemgmt 56-199] Attempt to get parsing info during refresh. "On-the-fly" syntax checking information may be incorrect. [C:/Users/jawoo/Desktop/Logic/DL202010_MMWJ/Lab8/Lab8.srcs/sources_1/new/bcd11.sv:]
WARNING: [filemgmt 56-199] Attempt to get parsing info during refresh. "On-the-fly" syntax checking information may be incorrect. [C:/Users/jawoo/Desktop/Logic/DL202010_Woods/Lab 9/Lab9/Lab9.srcs/sources_1/new/top_lab9.sv:]
WARNING: [filemgmt 56-199] Attempt to get parsing info during refresh. "On-the-fly" syntax checking information may be incorrect. [C:/Users/jawoo/Desktop/Logic/DL202010_Woods/Lab 10/Lab 10/Lab 10.srcs/sources_1/new/sseg_4TDM.sv:]
WARNING: [filemgmt 56-199] Attempt to get parsing info during refresh. "On-the-fly" syntax checking information may be incorrect. [C:/Users/jawoo/Desktop/Logic/DL202010_Woods/Lab 10/Lab 10/Lab 10.srcs/sources_1/new/calc_lab10.sv:]
WARNING: [filemgmt 56-199] Attempt to get parsing info during refresh. "On-the-fly" syntax checking information may be incorrect. [C:/Users/jawoo/Desktop/Logic/DL202010_MMWJ/Lab8/Lab8.srcs/sources_1/new/bcd11.sv:]
WARNING: [filemgmt 56-199] Attempt to get parsing info during refresh. "On-the-fly" syntax checking information may be incorrect. [C:/Users/jawoo/Desktop/Logic/DL202010_Woods/Lab 9/Lab9/Lab9.srcs/sources_1/new/top_lab9.sv:]
WARNING: [filemgmt 56-199] Attempt to get parsing info during refresh. "On-the-fly" syntax checking information may be incorrect. [C:/Users/jawoo/Desktop/Logic/DL202010_Woods/Lab 10/Lab 10/Lab 10.srcs/sources_1/new/sseg_4TDM.sv:]
ERROR: [Common 17-180] Spawn failed: No error
create_run synth_2 -flow {Vivado Synthesis 2018} -strategy {Vivado Synthesis Defaults} -report_strategy {Vivado Synthesis Default Reports}
Run is defaulting to srcset: sources_1
Run is defaulting to constrset: constrs_1
Run is defaulting to part: xc7k70tfbv676-1
current_run [get_runs synth_2]
set_property board_part digilentinc.com:basys3:part0:1.1 [current_project]
WARNING: [Project 1-153] The current project device 'xc7k70tfbv676-1' does not match with the device on the 'DIGILENTINC.COM:BASYS3:PART0:1.1' board part. A device change to match the device on 'DIGILENTINC.COM:BASYS3:PART0:1.1' board part is being done. Please upgrade the IP in the project via the upgrade_ip command or by selecting Reports => Reports IP Status.
INFO: [Project 1-152] Project part set to artix7 (xc7a35tcpg236-1)
launch_runs impl_2 -to_step write_bitstream -jobs 6
[Fri Apr 10 18:35:29 2020] Launched synth_2...
Run output will be captured here: C:/Users/jawoo/Desktop/Logic/DL202010_Woods/Lab 10/Lab 10/Lab 10.runs/synth_2/runme.log
[Fri Apr 10 18:35:29 2020] Launched impl_2...
Run output will be captured here: C:/Users/jawoo/Desktop/Logic/DL202010_Woods/Lab 10/Lab 10/Lab 10.runs/impl_2/runme.log
open_hw
connect_hw_server
INFO: [Labtools 27-2285] Connecting to hw_server url TCP:localhost:3121
INFO: [Labtools 27-2222] Launching hw_server...
INFO: [Labtools 27-2221] Launch Output:

****** Xilinx hw_server v2018.3
  **** Build date : Dec  7 2018-00:40:27
    ** Copyright 1986-2018 Xilinx, Inc. All Rights Reserved.


connect_hw_server: Time (s): cpu = 00:00:02 ; elapsed = 00:00:07 . Memory (MB): peak = 824.324 ; gain = 0.000
open_hw_target
INFO: [Labtoolstcl 44-466] Opening hw_target localhost:3121/xilinx_tcf/Digilent/210183AA652DA
open_hw_target: Time (s): cpu = 00:00:11 ; elapsed = 00:00:12 . Memory (MB): peak = 1743.113 ; gain = 918.789
set_property PROGRAM.FILE {C:/Users/jawoo/Desktop/Logic/DL202010_Woods/Lab 10/Lab 10/Lab 10.runs/impl_2/calc_lab10.bit} [get_hw_devices xc7a35t_0]
current_hw_device [get_hw_devices xc7a35t_0]
refresh_hw_device -update_hw_probes false [lindex [get_hw_devices xc7a35t_0] 0]
INFO: [Labtools 27-1434] Device xc7a35t (JTAG device index = 0) is programmed with a design that has no supported debug core(s) in it.
set_property PROBES.FILE {} [get_hw_devices xc7a35t_0]
set_property FULL_PROBES.FILE {} [get_hw_devices xc7a35t_0]
set_property PROGRAM.FILE {C:/Users/jawoo/Desktop/Logic/DL202010_Woods/Lab 10/Lab 10/Lab 10.runs/impl_2/calc_lab10.bit} [get_hw_devices xc7a35t_0]
program_hw_devices [get_hw_devices xc7a35t_0]
INFO: [Labtools 27-3164] End of startup status: HIGH
refresh_hw_device [lindex [get_hw_devices xc7a35t_0] 0]
INFO: [Labtools 27-1434] Device xc7a35t (JTAG device index = 0) is programmed with a design that has no supported debug core(s) in it.
exit
INFO: [Common 17-206] Exiting Vivado at Fri Apr 10 19:05:25 2020...
